Arguments: 
  /usr/bin/node /mnt/c/Users/Hongyu/scoop/apps/yarn/1.22.4/Yarn/bin/yarn.js add -D jasimine

PATH: 
  /home/hongyu/.vscode-server/bin/ff915844119ce9485abfe8aa9076ec76b5300ddd/bin:/usr/local/sbin:/usr/local/bin:/usr/sbin:/usr/bin:/sbin:/bin:/usr/games:/usr/local/games:/mnt/c/Program Files/NVIDIA GPU Computing Toolkit/CUDA/v10.1/bin:/mnt/c/Program Files/NVIDIA GPU Computing Toolkit/CUDA/v10.1/libnvvp:/mnt/c/Windows/system32:/mnt/c/Windows:/mnt/c/Windows/System32/Wbem:/mnt/c/Windows/System32/WindowsPowerShell/v1.0/:/mnt/c/Windows/System32/OpenSSH/:/mnt/c/Program Files/Intel/WiFi/bin/:/mnt/c/Program Files/Common Files/Intel/WirelessCommon/:/mnt/c/Program Files (x86)/NVIDIA Corporation/PhysX/Common:/mnt/c/Program Files/NVIDIA Corporation/NVIDIA NvDLISR:/mnt/c/Users/Hongyu/scoop/shims:/mnt/c/Program Files/NVIDIA Corporation/Nsight Compute 2019.4.0/:/mnt/c/Users/Hongyu/scoop/apps/yarn/current/Yarn/bin:/mnt/c/Users/Hongyu/scoop/apps/yarn/current/global/node_modules/.bin:/mnt/c/Users/Hongyu/scoop/apps/flutter/current/bin/cache/dart-sdk:/mnt/c/Users/Hongyu/scoop/apps/adopt8-hotspot/current/bin:/mnt/c/Users/Hongyu/scoop/apps/android-sdk/current/tools/bin:/mnt/c/Users/Hongyu/scoop/apps/nodejs/current/bin:/mnt/c/Users/Hongyu/scoop/apps/nodejs/current:/mnt/c/Users/Hongyu/scoop/shims:/mnt/c/Users/Hongyu/AppData/Local/Microsoft/WindowsApps:/mnt/c/Users/Hongyu/AppData/Local/Programs/Microsoft VS Code/bin:/mnt/c/Users/Hongyu/scoop/apps/flutter/current/.pub-cache/bin:/mnt/c/Users/Hongyu/AppData/Local/BypassRuntm

Yarn version: 
  1.22.4

Node version: 
  10.15.2

Platform: 
  linux x64

Trace: 
  Error: https://registry.npmjs.org/jasimine: Not found
      at Request.params.callback [as _callback] (/mnt/c/Users/Hongyu/scoop/apps/yarn/1.22.4/Yarn/lib/cli.js:66096:18)
      at Request.self.callback (/mnt/c/Users/Hongyu/scoop/apps/yarn/1.22.4/Yarn/lib/cli.js:140748:22)
      at Request.emit (events.js:189:13)
      at Request.<anonymous> (/mnt/c/Users/Hongyu/scoop/apps/yarn/1.22.4/Yarn/lib/cli.js:141720:10)
      at Request.emit (events.js:189:13)
      at IncomingMessage.<anonymous> (/mnt/c/Users/Hongyu/scoop/apps/yarn/1.22.4/Yarn/lib/cli.js:141642:12)
      at Object.onceWrapper (events.js:277:13)
      at IncomingMessage.emit (events.js:194:15)
      at endReadableNT (_stream_readable.js:1103:12)
      at process._tickCallback (internal/process/next_tick.js:63:19)

npm manifest: 
  {
    "name": "frontend-interview-question",
    "version": "0.0.1",
    "description": "inteview",
    "main": "index.js",
    "scripts": {
      "test": "test"
    },
    "repository": {
      "type": "git",
      "url": "git+https://github.com/ZZsuper/frontend-interview-question.git"
    },
    "keywords": [
      "interview"
    ],
    "author": "Hongyu",
    "license": "ISC",
    "bugs": {
      "url": "https://github.com/ZZsuper/frontend-interview-question/issues"
    },
    "homepage": "https://github.com/ZZsuper/frontend-interview-question#readme",
    "dependencies": {}
  }

yarn manifest: 
  No manifest

Lockfile: 
  # THIS IS AN AUTOGENERATED FILE. DO NOT EDIT THIS FILE DIRECTLY.
  # yarn lockfile v1
